<?xml version="1.0" encoding="UTF-8"?>
<!-- Generated by org.testng.reporters.JUnitReportReporter -->
<testsuite hostname="DESKTOP-197M06D" failures="0" tests="1" name="com.BuchalkaTim.AppTest" time="0.006" errors="0" timestamp="20 Apr 2021 19:10:17 GMT" skipped="0">
  <testcase classname="com.BuchalkaTim.AppTest" name="shouldAnswerWithTrue" time="0.006"/>
</testsuite> <!-- com.BuchalkaTim.AppTest -->
